Arguments: 
  C:\Program Files\nodejs\node.exe C:\Users\김명섭\AppData\Roaming\npm\node_modules\yarn\bin\yarn.js install

PATH: 
  C:\Users\김명섭\bin;C:\Program Files\Git\mingw64\bin;C:\Program Files\Git\usr\local\bin;C:\Program Files\Git\usr\bin;C:\Program Files\Git\usr\bin;C:\Program Files\Git\mingw64\bin;C:\Program Files\Git\usr\bin;C:\Users\김명섭\bin;C:\WINDOWS\system32;C:\WINDOWS;C:\WINDOWS\System32\Wbem;C:\WINDOWS\System32\WindowsPowerShell\v1.0;C:\WINDOWS\System32\OpenSSH;C:\Program Files (x86)\Common Files\Teruten\DSFilter;C:\Program Files\Bandizip;C:\Program Files (x86)\NVIDIA Corporation\PhysX\Common;C:\Program Files\Git\cmd;C:\Program Files\nodejs;C:\Program Files\NVIDIA Corporation\NVIDIA NvDLISR;C:\Users\김명섭\.console-ninja\.bin;C:\Users\김명섭\AppData\Local\Programs\Python\Python311\Scripts;C:\Users\김명섭\AppData\Local\Programs\Python\Python311;C:\Users\김명섭\AppData\Local\Programs\Python\Python310\Scripts;C:\Users\김명섭\AppData\Local\Programs\Python\Python310;C:\Users\김명섭\AppData\Local\Microsoft\WindowsApps;C:\Users\김명섭\AppData\Local\Programs\Microsoft VS Code\bin;C:\Users\김명섭\AppData\Roaming\npm;C:\Program Files\JetBrains\PyCharm Community Edition 2023.2.1\bin;C:\Program Files\Git\usr\bin\vendor_perl;C:\Program Files\Git\usr\bin\core_perl

Yarn version: 
  1.22.19

Node version: 
  18.17.0

Platform: 
  win32 x64

Trace: 
  Error: EPERM: operation not permitted, unlink 'C:\BlogProject\my-gatsby-site\node_modules\@msgpackr-extract\msgpackr-extract-win32-x64\node.napi.node'

npm manifest: 
  {
    "name": "my-gatsby-site",
    "version": "1.0.0",
    "private": true,
    "description": "my-gatsby-site",
    "author": "Kim MyungSub",
    "keywords": [
      "gatsby"
    ],
    "scripts": {
      "develop": "gatsby develop",
      "start": "gatsby develop",
      "build": "gatsby build",
      "serve": "gatsby serve",
      "clean": "gatsby clean"
    },
    "dependencies": {
      "gatsby": "^5.12.4",
      "react": "^18.2.0",
      "react-dom": "^18.2.0"
    }
  }

yarn manifest: 
  No manifest

Lockfile: 
  No lockfile
